  core.cpp
C:\Users\iodize\Desktop\rust-dumper\morphine-dumper\src\runtime\il2cpp_lib.hpp(1005,37): warning C4018: '>=': signed/unsigned mismatch
  (compiling source file 'src/core/core.cpp')
  
C:\Users\iodize\Desktop\rust-dumper\morphine-dumper\src\runtime\il2cpp_lib.hpp(1007,37): warning C4018: '<=': signed/unsigned mismatch
  (compiling source file 'src/core/core.cpp')
  
C:\Users\iodize\Desktop\rust-dumper\morphine-dumper\src\runtime\il2cpp_lib.hpp(1470,31): warning C4018: '<': signed/unsigned mismatch
  (compiling source file 'src/core/core.cpp')
  
C:\Users\iodize\Desktop\rust-dumper\morphine-dumper\src\runtime\il2cpp_lib.hpp(1484,31): warning C4018: '<': signed/unsigned mismatch
  (compiling source file 'src/core/core.cpp')
  
C:\Users\iodize\Desktop\rust-dumper\morphine-dumper\src\runtime\il2cpp_lib.hpp(1711,28): warning C4018: '<': signed/unsigned mismatch
  (compiling source file 'src/core/core.cpp')
  
C:\Users\iodize\Desktop\rust-dumper\morphine-dumper\src\runtime\il2cpp_lib.hpp(1895,28): warning C4018: '<': signed/unsigned mismatch
  (compiling source file 'src/core/core.cpp')
  
  decryption.cpp
  dllmain.cpp
C:\Users\iodize\Desktop\rust-dumper\morphine-dumper\src\runtime\il2cpp_lib.hpp(1005,37): warning C4018: '>=': signed/unsigned mismatch
  (compiling source file 'src/dllmain.cpp')
  
C:\Users\iodize\Desktop\rust-dumper\morphine-dumper\src\runtime\il2cpp_lib.hpp(1007,37): warning C4018: '<=': signed/unsigned mismatch
  (compiling source file 'src/dllmain.cpp')
  
C:\Users\iodize\Desktop\rust-dumper\morphine-dumper\src\runtime\il2cpp_lib.hpp(1470,31): warning C4018: '<': signed/unsigned mismatch
  (compiling source file 'src/dllmain.cpp')
  
C:\Users\iodize\Desktop\rust-dumper\morphine-dumper\src\runtime\il2cpp_lib.hpp(1484,31): warning C4018: '<': signed/unsigned mismatch
  (compiling source file 'src/dllmain.cpp')
  
C:\Users\iodize\Desktop\rust-dumper\morphine-dumper\src\runtime\il2cpp_lib.hpp(1711,28): warning C4018: '<': signed/unsigned mismatch
  (compiling source file 'src/dllmain.cpp')
  
C:\Users\iodize\Desktop\rust-dumper\morphine-dumper\src\runtime\il2cpp_lib.hpp(1895,28): warning C4018: '<': signed/unsigned mismatch
  (compiling source file 'src/dllmain.cpp')
  
  hde64.cpp
  materials.cpp
C:\Users\iodize\Desktop\rust-dumper\morphine-dumper\src\runtime\il2cpp_lib.hpp(1005,37): warning C4018: '>=': signed/unsigned mismatch
  (compiling source file 'src/materials/materials.cpp')
  
C:\Users\iodize\Desktop\rust-dumper\morphine-dumper\src\runtime\il2cpp_lib.hpp(1007,37): warning C4018: '<=': signed/unsigned mismatch
  (compiling source file 'src/materials/materials.cpp')
  
C:\Users\iodize\Desktop\rust-dumper\morphine-dumper\src\runtime\il2cpp_lib.hpp(1470,31): warning C4018: '<': signed/unsigned mismatch
  (compiling source file 'src/materials/materials.cpp')
  
C:\Users\iodize\Desktop\rust-dumper\morphine-dumper\src\runtime\il2cpp_lib.hpp(1484,31): warning C4018: '<': signed/unsigned mismatch
  (compiling source file 'src/materials/materials.cpp')
  
C:\Users\iodize\Desktop\rust-dumper\morphine-dumper\src\runtime\il2cpp_lib.hpp(1711,28): warning C4018: '<': signed/unsigned mismatch
  (compiling source file 'src/materials/materials.cpp')
  
C:\Users\iodize\Desktop\rust-dumper\morphine-dumper\src\runtime\il2cpp_lib.hpp(1895,28): warning C4018: '<': signed/unsigned mismatch
  (compiling source file 'src/materials/materials.cpp')
  
  util.cpp
  scanner.cpp
C:\Users\iodize\Desktop\rust-dumper\morphine-dumper\src\runtime\il2cpp_lib.hpp(1005,37): warning C4018: '>=': signed/unsigned mismatch
  (compiling source file 'src/scanner/scanner.cpp')
  
C:\Users\iodize\Desktop\rust-dumper\morphine-dumper\src\runtime\il2cpp_lib.hpp(1007,37): warning C4018: '<=': signed/unsigned mismatch
  (compiling source file 'src/scanner/scanner.cpp')
  
C:\Users\iodize\Desktop\rust-dumper\morphine-dumper\src\runtime\il2cpp_lib.hpp(1470,31): warning C4018: '<': signed/unsigned mismatch
  (compiling source file 'src/scanner/scanner.cpp')
  
C:\Users\iodize\Desktop\rust-dumper\morphine-dumper\src\runtime\il2cpp_lib.hpp(1484,31): warning C4018: '<': signed/unsigned mismatch
  (compiling source file 'src/scanner/scanner.cpp')
  
C:\Users\iodize\Desktop\rust-dumper\morphine-dumper\src\runtime\il2cpp_lib.hpp(1711,28): warning C4018: '<': signed/unsigned mismatch
  (compiling source file 'src/scanner/scanner.cpp')
  
C:\Users\iodize\Desktop\rust-dumper\morphine-dumper\src\runtime\il2cpp_lib.hpp(1895,28): warning C4018: '<': signed/unsigned mismatch
  (compiling source file 'src/scanner/scanner.cpp')
  
  verification.cpp
  writer.cpp
  Generating code
  589 of 2369 functions (24.9%) were compiled, the rest were copied from previous compilation.
    0 functions were new in current compilation
    5 functions had inline decision re-evaluated but remain unchanged
  Finished generating code
  morphine-dumper.vcxproj -> C:\Users\iodize\Desktop\rust-dumper\build\Release\morphine-dumper.dll
