c:\users\iodize\desktop\morphine-dumper\build\release\intermediate\vc143.pdb
c:\users\iodize\desktop\morphine-dumper\build\release\intermediate\materials.obj
c:\users\iodize\desktop\morphine-dumper\build\release\intermediate\verification.obj
c:\users\iodize\desktop\morphine-dumper\build\release\intermediate\hde64.obj
c:\users\iodize\desktop\morphine-dumper\build\release\intermediate\util.obj
c:\users\iodize\desktop\morphine-dumper\build\release\intermediate\writer.obj
c:\users\iodize\desktop\morphine-dumper\build\release\intermediate\decryption.obj
c:\users\iodize\desktop\morphine-dumper\build\release\intermediate\scanner.obj
c:\users\iodize\desktop\morphine-dumper\build\release\intermediate\core.obj
c:\users\iodize\desktop\morphine-dumper\build\release\intermediate\dllmain.obj
c:\users\iodize\desktop\morphine-dumper\build\release\morphine-dumper.dll
c:\users\iodize\desktop\morphine-dumper\build\release\morphine-dumper.pdb
c:\users\iodize\desktop\morphine-dumper\build\release\intermediate\morphine-dumper.ipdb
c:\users\iodize\desktop\morphine-dumper\build\release\intermediate\morphine-dumper.iobj
c:\users\iodize\desktop\morphine-dumper\build\release\intermediate\morphine-dumper.ipdb
c:\users\iodize\desktop\morphine-dumper\build\release\intermediate\morphine-dumper.iobj
c:\users\iodize\desktop\morphine-dumper\morphine-dumper\..\build\release\morphine-dumper.pdb
c:\users\iodize\desktop\morphine-dumper\morphine-dumper\..\build\release\intermediate\morphine-dumper.vcxproj.filelistabsolute.txt
c:\users\iodize\desktop\morphine-dumper\build\release\intermediate\morphine-dumper.tlog\cl.command.1.tlog
c:\users\iodize\desktop\morphine-dumper\build\release\intermediate\morphine-dumper.tlog\cl.items.tlog
c:\users\iodize\desktop\morphine-dumper\build\release\intermediate\morphine-dumper.tlog\cl.read.1.tlog
c:\users\iodize\desktop\morphine-dumper\build\release\intermediate\morphine-dumper.tlog\cl.write.1.tlog
c:\users\iodize\desktop\morphine-dumper\build\release\intermediate\morphine-dumper.tlog\link.command.1.tlog
c:\users\iodize\desktop\morphine-dumper\build\release\intermediate\morphine-dumper.tlog\link.read.1.tlog
c:\users\iodize\desktop\morphine-dumper\build\release\intermediate\morphine-dumper.tlog\link.secondary.1.tlog
c:\users\iodize\desktop\morphine-dumper\build\release\intermediate\morphine-dumper.tlog\link.write.1.tlog
