[2026/07/07 17:05:12,88] [5.6/12] Parsing Il2CppInspector output (if available)...
[2026/07/07 17:05:13,93] [6/12] Running Frida runtime dumper (optional cross-validation)...
[2026/07/07 17:05:22,80] [6b/12] Running Frida decrypt algorithm scanner...
[2026/07/07 17:05:23,42] [WARN] Frida decrypt scan had issues (RC=1) - capstone decrypts still available.
[2026/07/07 17:05:23,42] [WARN] 5 required output file(s) missing - review steps above.
[2026/07/07 17:05:23,43] [WARN] No morphine-dumper JSON - morphine-dumper may have failed.
[2026/07/07 17:05:23,43] [OK] Frida dump available (frida_dump.txt).
[2026/07/07 17:05:23,43] [WARN] No handle dump - Il2cppGetHandle verification will be limited.
[2026/07/07 17:05:23,43] [INFO] No mesh data (rust_mesh.tri) - VisCheck will use isVisible flag fallback.
[2026/07/07 17:05:24,21] [OK] Frida offset patches generated
[2026/07/07 17:05:24,21] [6d/12] Applying Frida hash mapping...
[2026/07/07 17:05:24,22] [INFO] No hash mapping yet -- building from current offsets.hpp + Frida dump...
[2026/07/07 17:05:25,18] [OK] Hash mapping active
[2026/07/07 17:05:25,18] [7/12] Comparing offsets and generating patches...
[2026/07/07 17:05:25,19]   master.json size: 98 bytes
[2026/07/07 17:05:25,65] [7.5/12] Generating verification report...
[2026/07/07 17:05:26,22] [OK] Verification report generated (output\verification_report.txt)
[2026/07/07 17:05:26,22] [7.6/12] Generating consolidated offsets dump...
[2026/07/07 17:05:26,57] [OK] Consolidated offsets dump generated (output\offsets_dump.hpp)
[2026/07/07 17:05:26,57] [8/12] Cross-validating offsets against Frida/Il2CppInspector...
[2026/07/07 17:05:27,26] [WARN] No handle dump - Il2cppGetHandle verification will be limited.
[2026/07/07 17:05:27,26] [INFO] No mesh data (rust_mesh.tri) - VisCheck will use isVisible flag fallback.
[2026/07/07 17:05:27,61] [OK] Pipeline verification report generated (output\pipeline_verification.txt)
[2026/07/07 17:05:27,61] [9/12] Analyzing GCHandle resolver (analyze_handle.py)...
[2026/07/07 17:05:27,97] [10/12] Generating opencode prompts...
[2026/07/07 17:05:28,96] [11/12] Validating outputs and summary...
[2026/07/07 17:05:28,96] [OK] All 5 required output files present.
[2026/07/07 17:05:28,97] [WARN] No morphine-dumper JSON - morphine-dumper may have failed.
[2026/07/07 17:05:28,97] [OK] Frida dump available (frida_dump.txt).
[2026/07/07 17:05:28,97] [WARN] No handle dump - Il2cppGetHandle verification will be limited.
[2026/07/07 17:05:28,98] [INFO] No mesh data (rust_mesh.tri) - VisCheck will use isVisible flag fallback.
[2026/07/07 17:05:28,98] ================================================================
[2026/07/07 17:05:28,98]   OUTPUT FILES READY IN: output\
[2026/07/07 17:05:28,98] ================================================================
Morphine build: unknown
Offsets changed: 0
Decrypt constants changed: 0
Materials changed: 0
Build status: NOT YET BUILT
Backups: E:\github\Rust-cheat\tools\masterupdate\backups\2026-07-07_17-05-25
Patch files:
  - output/offsets_patch.txt
  - output/sdk_patch.txt
  - output/sdk_decrypt_patch.txt
  - output/offsetmanager_patch.txt
  - output/rust_decrypts.dat[2026/07/07 17:05:37,24] [7.6/12] Generating consolidated offsets dump...
[2026/07/07 17:05:37,59] [OK] Consolidated offsets dump generated (output\offsets_dump.hpp)
[2026/07/07 17:05:37,59] [8/12] Cross-validating offsets against Frida/Il2CppInspector...
[2026/07/07 17:05:38,21] [WARN] No handle dump - Il2cppGetHandle verification will be limited.
[2026/07/07 17:05:38,21] [INFO] No mesh data (rust_mesh.tri) - VisCheck will use isVisible flag fallback.
[2026/07/07 17:05:38,58] [OK] Pipeline verification report generated (output\pipeline_verification.txt)
[2026/07/07 17:05:38,58] [9/12] Analyzing GCHandle resolver (analyze_handle.py)...
[2026/07/07 17:05:38,95] [10/12] Generating opencode prompts...
[2026/07/07 17:05:39,91] [11/12] Validating outputs and summary...
[2026/07/07 17:05:39,92] [OK] All 5 required output files present.
[2026/07/07 17:05:39,92] [WARN] No morphine-dumper JSON - morphine-dumper may have failed.
[2026/07/07 17:05:39,92] [OK] Frida dump available (frida_dump.txt).
[2026/07/07 17:05:39,93] [WARN] No handle dump - Il2cppGetHandle verification will be limited.
[2026/07/07 17:05:39,93] [INFO] No mesh data (rust_mesh.tri) - VisCheck will use isVisible flag fallback.
[2026/07/07 17:05:39,93] ================================================================
[2026/07/07 17:05:39,93]   OUTPUT FILES READY IN: output\
[2026/07/07 17:05:39,94] ================================================================
Morphine build: unknown
Offsets changed: 0
Decrypt constants changed: 0
Materials changed: 0
Build status: NOT YET BUILT
Backups: E:\github\Rust-cheat\tools\masterupdate\backups\2026-07-07_17-05-25
Patch files:
  - output/offsets_patch.txt
  - output/sdk_patch.txt
  - output/sdk_decrypt_patch.txt
  - output/offsetmanager_patch.txt
  - output/rust_decrypts.dat[2026/07/07 17:05:51,18]   RUST CHEAT UPDATE SCANNER
[2026/07/07 17:05:51,18] [10/12] Generating opencode prompts...
[2026/07/07 17:05:52,12] [11/12] Validating outputs and summary...
[2026/07/07 17:05:52,12] [OK] All 5 required output files present.
[2026/07/07 17:05:52,13] [WARN] No morphine-dumper JSON - morphine-dumper may have failed.
[2026/07/07 17:05:52,13] [OK] Frida dump available (frida_dump.txt).
[2026/07/07 17:05:52,13] [WARN] No handle dump - Il2cppGetHandle verification will be limited.
[2026/07/07 17:05:52,13] [INFO] No mesh data (rust_mesh.tri) - VisCheck will use isVisible flag fallback.
[2026/07/07 17:05:52,14] ================================================================
[2026/07/07 17:05:52,14]   OUTPUT FILES READY IN: output\
[2026/07/07 17:05:52,14] ================================================================
Morphine build: unknown
Offsets changed: 0
Decrypt constants changed: 0
Materials changed: 0
Build status: NOT YET BUILT
Backups: E:\github\Rust-cheat\tools\masterupdate\backups\2026-07-07_17-05-25
Patch files:
  - output/offsets_patch.txt
  - output/sdk_patch.txt
  - output/sdk_decrypt_patch.txt
  - output/offsetmanager_patch.txt
  - output/rust_decrypts.dat