e:\github\rust\rust prv ext\x64\release\visuals.obj
e:\github\rust\rust prv ext\x64\release\aimbot.obj
e:\github\rust\rust prv ext\x64\release\imgui.obj
e:\github\rust\rust prv ext\x64\release\cache.obj
e:\github\rust\rust prv ext\x64\release\misc.obj
e:\github\rust\rust prv ext\x64\release\imgui_demo.obj
e:\github\rust\rust prv ext\x64\release\imgui_impl_dx9.obj
e:\github\rust\rust prv ext\x64\release\imgui_impl_dx10.obj
e:\github\rust\rust prv ext\x64\release\imgui_draw.obj
e:\github\rust\rust prv ext\x64\release\imgui_impl_win32.obj
e:\github\rust\rust prv ext\x64\release\imguirender.obj
e:\github\rust\rust prv ext\x64\release\icons.obj
e:\github\rust\rust prv ext\x64\release\imgui_widgets.obj
e:\github\rust\rust prv ext\x64\release\imgui_impl_dx12.obj
e:\github\rust\rust prv ext\x64\release\imgui_tables.obj
e:\github\rust\rust prv ext\x64\release\imgui_impl_dx11.obj
e:\github\rust\rust prv ext\x64\release\rust prv ext.obj
e:\github\rust\x64\release\bomzarust.map
e:\github\rust\x64\release\bomzarust.dll
e:\github\rust\rust prv ext\x64\release\resources.res
e:\github\rust\x64\release\bomzarust.lib
e:\github\rust\x64\release\rust prv ext_debug.dll
e:\github\rust\rust prv ext\x64\release\rust prv ext.tlog\cl.items.tlog
e:\github\rust\rust prv ext\x64\release\rust prv ext.tlog\clang-cl.command.1.tlog
e:\github\rust\rust prv ext\x64\release\rust prv ext.tlog\clang-cl.read.1.tlog
e:\github\rust\rust prv ext\x64\release\rust prv ext.tlog\clang-cl.write.1.tlog
e:\github\rust\rust prv ext\x64\release\rust prv ext.tlog\lld-link.command.1.tlog
e:\github\rust\rust prv ext\x64\release\rust prv ext.tlog\lld-link.read.1.tlog
e:\github\rust\rust prv ext\x64\release\rust prv ext.tlog\lld-link.secondary.1.tlog
e:\github\rust\rust prv ext\x64\release\rust prv ext.tlog\lld-link.write.1.tlog
e:\github\rust\rust prv ext\x64\release\rust prv ext.tlog\rc.command.1.tlog
e:\github\rust\rust prv ext\x64\release\rust prv ext.tlog\rc.read.1.tlog
e:\github\rust\rust prv ext\x64\release\rust prv ext.tlog\rc.write.1.tlog
